<?xml version="1.0" encoding="UTF-8"?>
<!-- Generated by org.testng.reporters.JUnitReportReporter -->
<testsuite hostname="DESKTOP-KMAF1FG" failures="0" tests="1" name="Somteeautomation.endToEnd" time="27.774" errors="0" timestamp="2023-01-09T18:46:06 WAT" skipped="0">
  <testcase classname="Somteeautomation.endToEnd" name="EndToEndAssignment" time="27.774"/>
  <system-out/>
</testsuite> <!-- Somteeautomation.endToEnd -->
