<?xml version="1.0" encoding="UTF-8"?>
<!-- Generated by org.testng.reporters.JUnitReportReporter -->
<testsuite hostname="DESKTOP-KMAF1FG" failures="0" tests="1" name="Somteeautomation.SwipeDemo" time="8.112" errors="0" timestamp="2023-01-03T09:46:48 WAT" skipped="0">
  <testcase classname="Somteeautomation.SwipeDemo" name="LongSwipeGesture" time="8.112"/>
  <system-out/>
</testsuite> <!-- Somteeautomation.SwipeDemo -->
