<?xml version="1.0" encoding="UTF-8"?>
<!-- Generated by org.testng.reporters.JUnitReportReporter -->
<testsuite hostname="DESKTOP-KMAF1FG" failures="0" tests="1" name="Somteeautomation.DragDrop" time="8.918" errors="0" timestamp="2023-01-03T10:15:35 WAT" skipped="0">
  <testcase classname="Somteeautomation.DragDrop" name="LongPressGesture" time="8.918"/>
  <system-out/>
</testsuite> <!-- Somteeautomation.DragDrop -->
