<?xml version="1.0" encoding="UTF-8"?>
<!-- Generated by org.testng.reporters.JUnitReportReporter -->
<testsuite hostname="DESKTOP-KMAF1FG" failures="0" tests="1" name="Somteeautomation.longPress" time="7.744" errors="0" timestamp="2023-01-02T23:10:50 WAT" skipped="0">
  <testcase classname="Somteeautomation.longPress" name="LongPressGesture" time="7.744"/>
  <system-out/>
</testsuite> <!-- Somteeautomation.longPress -->
