<?xml version="1.0" encoding="UTF-8"?>
<!-- Generated by org.testng.reporters.JUnitReportReporter -->
<testsuite hostname="DESKTOP-KMAF1FG" failures="0" tests="1" name="Somteeautomation.ScrollDemo" time="31.026" errors="0" timestamp="2023-01-03T08:40:41 WAT" skipped="0">
  <testcase classname="Somteeautomation.ScrollDemo" name="LongPressGesture" time="31.026"/>
  <system-out/>
</testsuite> <!-- Somteeautomation.ScrollDemo -->
