<?xml version="1.0" encoding="UTF-8"?>
<!-- Generated by org.testng.reporters.JUnitReportReporter -->
<testsuite hostname="DESKTOP-KMAF1FG" failures="0" tests="1" name="Somteeautomation.ApiumBasics" time="6.692" errors="0" timestamp="2023-01-02T15:24:23 WAT" skipped="0">
  <testcase classname="Somteeautomation.ApiumBasics" name="WifiSettingName" time="6.692"/>
  <system-out/>
</testsuite> <!-- Somteeautomation.ApiumBasics -->
